-------------------------------------------------------------------------------
Test set: com.sztu.coupon.TestConntion
-------------------------------------------------------------------------------
Tests run: 2, Failures: 0, Errors: 2, Skipped: 0, Time elapsed: 9.476 s <<< FAILURE! - in com.sztu.coupon.TestConntion
test01(com.sztu.coupon.TestConntion)  Time elapsed: 0.001 s  <<< ERROR!
java.lang.IllegalStateException: Failed to load ApplicationContext
Caused by: org.springframework.beans.factory.UnsatisfiedDependencyException: Error creating bean with name 'couponTemplateController' defined in file [D:\GitResp\coupon\sztu-coupon-service\coupon-template\target\classes\com\sztu\coupon\controller\CouponTemplateController.class]: Unsatisfied dependency expressed through constructor parameter 0; nested exception is org.springframework.beans.factory.UnsatisfiedDependencyException: Error creating bean with name 'buildTemplateServiceImpl' defined in file [D:\GitResp\coupon\sztu-coupon-service\coupon-template\target\classes\com\sztu\coupon\service\impl\BuildTemplateServiceImpl.class]: Unsatisfied dependency expressed through constructor parameter 0; nested exception is org.springframework.beans.factory.UnsatisfiedDependencyException: Error creating bean with name 'asyncServiceImpl' defined in file [D:\GitResp\coupon\sztu-coupon-service\coupon-template\target\classes\com\sztu\coupon\service\impl\AsyncServiceImpl.class]: Unsatisfied dependency expressed through constructor parameter 0; nested exception is org.springframework.beans.factory.BeanCreationException: Error creating bean with name 'couponTemplateDao': Invocation of init method failed; nested exception is java.lang.IllegalArgumentException: Failed to create query for method public abstract com.sztu.coupon.entity.CouponTemplate com.sztu.coupon.dao.CouponTemplateDao.findbyName(java.lang.String)! No property findbyName found for type CouponTemplate!
Caused by: org.springframework.beans.factory.UnsatisfiedDependencyException: Error creating bean with name 'buildTemplateServiceImpl' defined in file [D:\GitResp\coupon\sztu-coupon-service\coupon-template\target\classes\com\sztu\coupon\service\impl\BuildTemplateServiceImpl.class]: Unsatisfied dependency expressed through constructor parameter 0; nested exception is org.springframework.beans.factory.UnsatisfiedDependencyException: Error creating bean with name 'asyncServiceImpl' defined in file [D:\GitResp\coupon\sztu-coupon-service\coupon-template\target\classes\com\sztu\coupon\service\impl\AsyncServiceImpl.class]: Unsatisfied dependency expressed through constructor parameter 0; nested exception is org.springframework.beans.factory.BeanCreationException: Error creating bean with name 'couponTemplateDao': Invocation of init method failed; nested exception is java.lang.IllegalArgumentException: Failed to create query for method public abstract com.sztu.coupon.entity.CouponTemplate com.sztu.coupon.dao.CouponTemplateDao.findbyName(java.lang.String)! No property findbyName found for type CouponTemplate!
Caused by: org.springframework.beans.factory.UnsatisfiedDependencyException: Error creating bean with name 'asyncServiceImpl' defined in file [D:\GitResp\coupon\sztu-coupon-service\coupon-template\target\classes\com\sztu\coupon\service\impl\AsyncServiceImpl.class]: Unsatisfied dependency expressed through constructor parameter 0; nested exception is org.springframework.beans.factory.BeanCreationException: Error creating bean with name 'couponTemplateDao': Invocation of init method failed; nested exception is java.lang.IllegalArgumentException: Failed to create query for method public abstract com.sztu.coupon.entity.CouponTemplate com.sztu.coupon.dao.CouponTemplateDao.findbyName(java.lang.String)! No property findbyName found for type CouponTemplate!
Caused by: org.springframework.beans.factory.BeanCreationException: Error creating bean with name 'couponTemplateDao': Invocation of init method failed; nested exception is java.lang.IllegalArgumentException: Failed to create query for method public abstract com.sztu.coupon.entity.CouponTemplate com.sztu.coupon.dao.CouponTemplateDao.findbyName(java.lang.String)! No property findbyName found for type CouponTemplate!
Caused by: java.lang.IllegalArgumentException: Failed to create query for method public abstract com.sztu.coupon.entity.CouponTemplate com.sztu.coupon.dao.CouponTemplateDao.findbyName(java.lang.String)! No property findbyName found for type CouponTemplate!
Caused by: org.springframework.data.mapping.PropertyReferenceException: No property findbyName found for type CouponTemplate!

contextLoad(com.sztu.coupon.TestConntion)  Time elapsed: 0 s  <<< ERROR!
java.lang.IllegalStateException: Failed to load ApplicationContext
Caused by: org.springframework.beans.factory.UnsatisfiedDependencyException: Error creating bean with name 'couponTemplateController' defined in file [D:\GitResp\coupon\sztu-coupon-service\coupon-template\target\classes\com\sztu\coupon\controller\CouponTemplateController.class]: Unsatisfied dependency expressed through constructor parameter 0; nested exception is org.springframework.beans.factory.UnsatisfiedDependencyException: Error creating bean with name 'buildTemplateServiceImpl' defined in file [D:\GitResp\coupon\sztu-coupon-service\coupon-template\target\classes\com\sztu\coupon\service\impl\BuildTemplateServiceImpl.class]: Unsatisfied dependency expressed through constructor parameter 0; nested exception is org.springframework.beans.factory.UnsatisfiedDependencyException: Error creating bean with name 'asyncServiceImpl' defined in file [D:\GitResp\coupon\sztu-coupon-service\coupon-template\target\classes\com\sztu\coupon\service\impl\AsyncServiceImpl.class]: Unsatisfied dependency expressed through constructor parameter 0; nested exception is org.springframework.beans.factory.BeanCreationException: Error creating bean with name 'couponTemplateDao': Invocation of init method failed; nested exception is java.lang.IllegalArgumentException: Failed to create query for method public abstract com.sztu.coupon.entity.CouponTemplate com.sztu.coupon.dao.CouponTemplateDao.findbyName(java.lang.String)! No property findbyName found for type CouponTemplate!
Caused by: org.springframework.beans.factory.UnsatisfiedDependencyException: Error creating bean with name 'buildTemplateServiceImpl' defined in file [D:\GitResp\coupon\sztu-coupon-service\coupon-template\target\classes\com\sztu\coupon\service\impl\BuildTemplateServiceImpl.class]: Unsatisfied dependency expressed through constructor parameter 0; nested exception is org.springframework.beans.factory.UnsatisfiedDependencyException: Error creating bean with name 'asyncServiceImpl' defined in file [D:\GitResp\coupon\sztu-coupon-service\coupon-template\target\classes\com\sztu\coupon\service\impl\AsyncServiceImpl.class]: Unsatisfied dependency expressed through constructor parameter 0; nested exception is org.springframework.beans.factory.BeanCreationException: Error creating bean with name 'couponTemplateDao': Invocation of init method failed; nested exception is java.lang.IllegalArgumentException: Failed to create query for method public abstract com.sztu.coupon.entity.CouponTemplate com.sztu.coupon.dao.CouponTemplateDao.findbyName(java.lang.String)! No property findbyName found for type CouponTemplate!
Caused by: org.springframework.beans.factory.UnsatisfiedDependencyException: Error creating bean with name 'asyncServiceImpl' defined in file [D:\GitResp\coupon\sztu-coupon-service\coupon-template\target\classes\com\sztu\coupon\service\impl\AsyncServiceImpl.class]: Unsatisfied dependency expressed through constructor parameter 0; nested exception is org.springframework.beans.factory.BeanCreationException: Error creating bean with name 'couponTemplateDao': Invocation of init method failed; nested exception is java.lang.IllegalArgumentException: Failed to create query for method public abstract com.sztu.coupon.entity.CouponTemplate com.sztu.coupon.dao.CouponTemplateDao.findbyName(java.lang.String)! No property findbyName found for type CouponTemplate!
Caused by: org.springframework.beans.factory.BeanCreationException: Error creating bean with name 'couponTemplateDao': Invocation of init method failed; nested exception is java.lang.IllegalArgumentException: Failed to create query for method public abstract com.sztu.coupon.entity.CouponTemplate com.sztu.coupon.dao.CouponTemplateDao.findbyName(java.lang.String)! No property findbyName found for type CouponTemplate!
Caused by: java.lang.IllegalArgumentException: Failed to create query for method public abstract com.sztu.coupon.entity.CouponTemplate com.sztu.coupon.dao.CouponTemplateDao.findbyName(java.lang.String)! No property findbyName found for type CouponTemplate!
Caused by: org.springframework.data.mapping.PropertyReferenceException: No property findbyName found for type CouponTemplate!

